[2026-04-11T13:11:21.395Z] Starting image generation: 24 product(s), model=dall-e-3, dry-run=true, upload=false, update-db=false
[2026-04-11T13:11:21.396Z] Output directory: C:\Projects\Meshek22\output\generated
[2026-04-11T13:11:21.397Z] [1/24] agvaniya: building prompt...
[2026-04-11T13:11:21.397Z] [1/24] agvaniya: prompt → A photograph of fresh red tomato. fresh whole vegetables, vibrant natural colors. professional food product photography, isolated on a pure white background, soft even studio lighting, sharp focus, no text, no labels, no watermarks, no shadows, square crop, centered subject, realistic photograph, high resolution.
[2026-04-11T13:11:21.397Z] [1/24] agvaniya: [DRY RUN] skipping API call
[2026-04-11T13:11:21.397Z] [2/24] melafelon: building prompt...
[2026-04-11T13:11:21.397Z] [2/24] melafelon: prompt → A photograph of fresh cucumber. fresh whole vegetables, vibrant natural colors. professional food product photography, isolated on a pure white background, soft even studio lighting, sharp focus, no text, no labels, no watermarks, no shadows, square crop, centered subject, realistic photograph, high resolution.
[2026-04-11T13:11:21.397Z] [2/24] melafelon: [DRY RUN] skipping API call
[2026-04-11T13:11:21.398Z] [3/24] pilpel: building prompt...
[2026-04-11T13:11:21.398Z] [3/24] pilpel: prompt → A photograph of fresh green and red bell peppers. fresh whole vegetables, vibrant natural colors. professional food product photography, isolated on a pure white background, soft even studio lighting, sharp focus, no text, no labels, no watermarks, no shadows, square crop, centered subject, realistic photograph, high resolution.
[2026-04-11T13:11:21.398Z] [3/24] pilpel: [DRY RUN] skipping API call
[2026-04-11T13:11:21.398Z] [4/24] batzal: building prompt...
[2026-04-11T13:11:21.398Z] [4/24] batzal: prompt → A photograph of fresh yellow onion. fresh whole vegetables, vibrant natural colors. professional food product photography, isolated on a pure white background, soft even studio lighting, sharp focus, no text, no labels, no watermarks, no shadows, square crop, centered subject, realistic photograph, high resolution.
[2026-04-11T13:11:21.398Z] [4/24] batzal: [DRY RUN] skipping API call
[2026-04-11T13:11:21.398Z] [5/24] shum: building prompt...
[2026-04-11T13:11:21.398Z] [5/24] shum: prompt → A photograph of fresh garlic bulb. fresh whole vegetables, vibrant natural colors. professional food product photography, isolated on a pure white background, soft even studio lighting, sharp focus, no text, no labels, no watermarks, no shadows, square crop, centered subject, realistic photograph, high resolution.
[2026-04-11T13:11:21.399Z] [5/24] shum: [DRY RUN] skipping API call
[2026-04-11T13:11:21.399Z] [6/24] gezer: building prompt...
[2026-04-11T13:11:21.399Z] [6/24] gezer: prompt → A photograph of fresh carrots. fresh root vegetables with visible natural texture. professional food product photography, isolated on a pure white background, soft even studio lighting, sharp focus, no text, no labels, no watermarks, no shadows, square crop, centered subject, realistic photograph, high resolution.
[2026-04-11T13:11:21.399Z] [6/24] gezer: [DRY RUN] skipping API call
[2026-04-11T13:11:21.399Z] [7/24] tapuah-adama: building prompt...
[2026-04-11T13:11:21.399Z] [7/24] tapuah-adama: prompt → A photograph of fresh potatoes. fresh root vegetables with visible natural texture. professional food product photography, isolated on a pure white background, soft even studio lighting, sharp focus, no text, no labels, no watermarks, no shadows, square crop, centered subject, realistic photograph, high resolution.
[2026-04-11T13:11:21.399Z] [7/24] tapuah-adama: [DRY RUN] skipping API call
[2026-04-11T13:11:21.399Z] [8/24] broccoli: building prompt...
[2026-04-11T13:11:21.399Z] [8/24] broccoli: prompt → A photograph of fresh broccoli head. fresh whole vegetables, vibrant natural colors. professional food product photography, isolated on a pure white background, soft even studio lighting, sharp focus, no text, no labels, no watermarks, no shadows, square crop, centered subject, realistic photograph, high resolution.
[2026-04-11T13:11:21.399Z] [8/24] broccoli: [DRY RUN] skipping API call
[2026-04-11T13:11:21.399Z] [9/24] karfit: building prompt...
[2026-04-11T13:11:21.399Z] [9/24] karfit: prompt → A photograph of fresh cauliflower head. fresh whole vegetables, vibrant natural colors. professional food product photography, isolated on a pure white background, soft even studio lighting, sharp focus, no text, no labels, no watermarks, no shadows, square crop, centered subject, realistic photograph, high resolution.
[2026-04-11T13:11:21.399Z] [9/24] karfit: [DRY RUN] skipping API call
[2026-04-11T13:11:21.399Z] [10/24] selek: building prompt...
[2026-04-11T13:11:21.399Z] [10/24] selek: prompt → A photograph of fresh beets. fresh root vegetables with visible natural texture. professional food product photography, isolated on a pure white background, soft even studio lighting, sharp focus, no text, no labels, no watermarks, no shadows, square crop, centered subject, realistic photograph, high resolution.
[2026-04-11T13:11:21.399Z] [10/24] selek: [DRY RUN] skipping API call
[2026-04-11T13:11:21.399Z] [11/24] kruv: building prompt...
[2026-04-11T13:11:21.399Z] [11/24] kruv: prompt → A photograph of fresh green cabbage head. fresh leafy greens, crisp and vibrant. professional food product photography, isolated on a pure white background, soft even studio lighting, sharp focus, no text, no labels, no watermarks, no shadows, square crop, centered subject, realistic photograph, high resolution.
[2026-04-11T13:11:21.399Z] [11/24] kruv: [DRY RUN] skipping API call
[2026-04-11T13:11:21.399Z] [12/24] chutzot: building prompt...
[2026-04-11T13:11:21.400Z] [12/24] chutzot: prompt → A photograph of fresh green lettuce head. fresh leafy greens, crisp and vibrant. professional food product photography, isolated on a pure white background, soft even studio lighting, sharp focus, no text, no labels, no watermarks, no shadows, square crop, centered subject, realistic photograph, high resolution.
[2026-04-11T13:11:21.400Z] [12/24] chutzot: [DRY RUN] skipping API call
[2026-04-11T13:11:21.400Z] [13/24] tapuah: building prompt...
[2026-04-11T13:11:21.400Z] [13/24] tapuah: prompt → A photograph of fresh red apple. fresh seasonal fruits, vibrant and ripe. professional food product photography, isolated on a pure white background, soft even studio lighting, sharp focus, no text, no labels, no watermarks, no shadows, square crop, centered subject, realistic photograph, high resolution.
[2026-04-11T13:11:21.400Z] [13/24] tapuah: [DRY RUN] skipping API call
[2026-04-11T13:11:21.400Z] [14/24] avocado: building prompt...
[2026-04-11T13:11:21.400Z] [14/24] avocado: prompt → A photograph of fresh ripe avocado. fresh seasonal fruits, vibrant and ripe. professional food product photography, isolated on a pure white background, soft even studio lighting, sharp focus, no text, no labels, no watermarks, no shadows, square crop, centered subject, realistic photograph, high resolution.
[2026-04-11T13:11:21.409Z] [14/24] avocado: [DRY RUN] skipping API call
[2026-04-11T13:11:21.409Z] [15/24] banana: building prompt...
[2026-04-11T13:11:21.409Z] [15/24] banana: prompt → A photograph of fresh bananas. fresh seasonal fruits, vibrant and ripe. professional food product photography, isolated on a pure white background, soft even studio lighting, sharp focus, no text, no labels, no watermarks, no shadows, square crop, centered subject, realistic photograph, high resolution.
[2026-04-11T13:11:21.409Z] [15/24] banana: [DRY RUN] skipping API call
[2026-04-11T13:11:21.409Z] [16/24] mango: building prompt...
[2026-04-11T13:11:21.409Z] [16/24] mango: prompt → A photograph of fresh ripe mango. fresh exotic fruits, rich vivid colors. professional food product photography, isolated on a pure white background, soft even studio lighting, sharp focus, no text, no labels, no watermarks, no shadows, square crop, centered subject, realistic photograph, high resolution.
[2026-04-11T13:11:21.409Z] [16/24] mango: [DRY RUN] skipping API call
[2026-04-11T13:11:21.409Z] [17/24] tutim: building prompt...
[2026-04-11T13:11:21.409Z] [17/24] tutim: prompt → A photograph of fresh strawberries. fresh seasonal fruits, vibrant and ripe. professional food product photography, isolated on a pure white background, soft even studio lighting, sharp focus, no text, no labels, no watermarks, no shadows, square crop, centered subject, realistic photograph, high resolution.
[2026-04-11T13:11:21.409Z] [17/24] tutim: [DRY RUN] skipping API call
[2026-04-11T13:11:21.409Z] [18/24] limon: building prompt...
[2026-04-11T13:11:21.409Z] [18/24] limon: prompt → A photograph of fresh yellow lemons. fresh citrus fruits, bright vivid colors. professional food product photography, isolated on a pure white background, soft even studio lighting, sharp focus, no text, no labels, no watermarks, no shadows, square crop, centered subject, realistic photograph, high resolution.
[2026-04-11T13:11:21.409Z] [18/24] limon: [DRY RUN] skipping API call
[2026-04-11T13:11:21.409Z] [19/24] tapuz: building prompt...
[2026-04-11T13:11:21.409Z] [19/24] tapuz: prompt → A photograph of fresh oranges. fresh citrus fruits, bright vivid colors. professional food product photography, isolated on a pure white background, soft even studio lighting, sharp focus, no text, no labels, no watermarks, no shadows, square crop, centered subject, realistic photograph, high resolution.
[2026-04-11T13:11:21.409Z] [19/24] tapuz: [DRY RUN] skipping API call
[2026-04-11T13:11:21.409Z] [20/24] petrozilya: building prompt...
[2026-04-11T13:11:21.409Z] [20/24] petrozilya: prompt → A photograph of fresh flat-leaf parsley. fresh fragrant herbs, bright vivid green. professional food product photography, isolated on a pure white background, soft even studio lighting, sharp focus, no text, no labels, no watermarks, no shadows, square crop, centered subject, realistic photograph, high resolution.
[2026-04-11T13:11:21.409Z] [20/24] petrozilya: [DRY RUN] skipping API call
[2026-04-11T13:11:21.409Z] [21/24] kusbarah: building prompt...
[2026-04-11T13:11:21.409Z] [21/24] kusbarah: prompt → A photograph of fresh coriander leaves. fresh fragrant herbs, bright vivid green. professional food product photography, isolated on a pure white background, soft even studio lighting, sharp focus, no text, no labels, no watermarks, no shadows, square crop, centered subject, realistic photograph, high resolution.
[2026-04-11T13:11:21.409Z] [21/24] kusbarah: [DRY RUN] skipping API call
[2026-04-11T13:11:21.409Z] [22/24] nana: building prompt...
[2026-04-11T13:11:21.409Z] [22/24] nana: prompt → A photograph of fresh mint leaves. fresh fragrant herbs, bright vivid green. professional food product photography, isolated on a pure white background, soft even studio lighting, sharp focus, no text, no labels, no watermarks, no shadows, square crop, centered subject, realistic photograph, high resolution.
[2026-04-11T13:11:21.409Z] [22/24] nana: [DRY RUN] skipping API call
[2026-04-11T13:11:21.410Z] [23/24] bazilikon: building prompt...
[2026-04-11T13:11:21.410Z] [23/24] bazilikon: prompt → A photograph of fresh basil leaves. fresh fragrant herbs, bright vivid green. professional food product photography, isolated on a pure white background, soft even studio lighting, sharp focus, no text, no labels, no watermarks, no shadows, square crop, centered subject, realistic photograph, high resolution.
[2026-04-11T13:11:21.410Z] [23/24] bazilikon: [DRY RUN] skipping API call
[2026-04-11T13:11:21.410Z] [24/24] shamir: building prompt...
[2026-04-11T13:11:21.410Z] [24/24] shamir: prompt → A photograph of fresh dill. fresh fragrant herbs, bright vivid green. professional food product photography, isolated on a pure white background, soft even studio lighting, sharp focus, no text, no labels, no watermarks, no shadows, square crop, centered subject, realistic photograph, high resolution.
[2026-04-11T13:11:21.410Z] [24/24] shamir: [DRY RUN] skipping API call
[2026-04-11T13:11:21.412Z] ─────────────────────────────────────
[2026-04-11T13:11:21.412Z] Done. 0 succeeded, 0 failed.
