[2026-04-11T13:49:12.051Z] Starting image generation: 1 product(s), model=dall-e-3, dry-run=false, upload=false, update-db=false
[2026-04-11T13:49:12.051Z] Output directory: C:\Projects\Meshek22\output\previews
[2026-04-11T13:49:12.052Z] [1/1] petrozilya: building prompt...
[2026-04-11T13:49:12.052Z] [1/1] petrozilya: prompt → Product catalog photo of fresh flat-leaf parsley.

COMPOSITION: a bunch of flat-leaf parsley standing upright, stems gathered at the bottom, filling the frame — like a supermarket bunch you hold in your hand. Items fill 70-80% of the frame. Items touch or slightly overlap — not spread apart.

BACKGROUND: Seamless pure white background. RGB (255, 255, 255). Not off-white. Not light gray. Not warm white. Not cool white. The background must be the same bright pure white you see in Shufersal or Rami Levy online grocery product photos.

LIGHTING: Soft diffused lighting. Slightly directional from upper-left. Flat and even — no spotlight, no dramatic highlights, no harsh reflections.

SHADOW: A very faint, barely visible soft shadow directly under the produce only. No drop shadow. No shadow cast on the background away from the object.

SURFACE: Natural produce skin texture. No water droplets of any kind. No condensation. No dew drops. No moisture. No wet appearance. The surface may have a slight natural sheen (like real fruit skin) but must not look wet.

REALISM: Real photograph look. Natural texture variations and slight color irregularities are expected and correct. NOT a 3D render. NOT CGI. NOT an illustration. NOT artificially perfect.

NO TEXT: Absolutely no text, no brand names, no labels, no stickers, no price tags, no watermarks of any kind on the image.

DO NOT INCLUDE: water drops, condensation, moisture, dramatic shadows, gray or off-white background, gradient background, studio backdrop, decorative leaves or props, text, labels, watermarks, extreme close-up, advertisement styling, oversaturated unnatural colors, artificial perfection.

REFERENCE STYLE: Israeli online grocery product thumbnail — the same visual style as Shufersal, Rami Levy, or Mega supermarket websites. Simple, clean, trustworthy.
[2026-04-11T13:49:12.052Z] [1/1] petrozilya: calling dall-e-3 API...
[2026-04-11T13:49:35.763Z] [1/1] petrozilya: image URL received
[2026-04-11T13:49:35.763Z] [1/1] petrozilya: downloading image...
[2026-04-11T13:49:37.711Z] [1/1] petrozilya: saved → C:\Projects\Meshek22\output\previews\petrozilya.png
[2026-04-11T13:49:37.713Z] [1/1] petrozilya: metadata saved → C:\Projects\Meshek22\output\previews\petrozilya.json
[2026-04-11T13:49:37.715Z] ─────────────────────────────────────
[2026-04-11T13:49:37.715Z] Done. 1 succeeded, 0 failed.
[2026-04-11T13:49:37.715Z] Images saved to: C:\Projects\Meshek22\output\previews/
[2026-04-11T13:49:37.715Z] Tip: re-run with --upload --update-db to push images to Supabase.
